<?xml version="1.0" encoding="UTF-8" ?>
<testsuite tests="7" failures="1" name="TestSuite" time="33.787" errors="0" skipped="0">
  <properties>
[...]
</properties>
  <testcase classname="com.crm.qa.testcases.ContactsPageTest" name="createNewContactTest" time="7.942"/>
  <testcase classname="com.crm.qa.testcases.ContactsPageTest" name="createNewContactTest" time="8.345"/>
  <testcase classname="com.crm.qa.testcases.ContactsPageTest" name="selectContactsLabel" time="15.542">
    <failure message="no such element: Unable to locate element: {&quot;method&quot;:&quot;xpath&quot;,&quot;selector&quot;:&quot;//td[text()=&apos;Pravin Shetty&apos;]//parent::tr//input[@type=&apos;checkbox&apos;]&quot;}
  (Session info: chrome=79.0.3945.117)
  (Driver info: chromedriver=2.38.552522 (437e6fbedfa8762dec75e2c5b3ddb86763dc9dcb),platform=Windows NT 10.0.17134 x86_64) (WARNING: The server did not provide any stacktrace information)
Command duration or timeout: 0 milliseconds
For documentation on this error, please visit: http://seleniumhq.org/exceptions/no_such_element.html
Build info: version: &apos;3.5.3&apos;, revision: &apos;a88d25fe6b&apos;, time: &apos;2017-08-29T12:42:44.417Z&apos;
System info: host: &apos;DESKTOP-8MBD3QD&apos;, ip: &apos;192.168.0.105&apos;, os.name: &apos;Windows 10&apos;, os.arch: &apos;amd64&apos;, os.version: &apos;10.0&apos;, java.version: &apos;1.8.0_181&apos;
Driver info: org.openqa.selenium.chrome.ChromeDriver
Capabilities [{mobileEmulationEnabled=false, hasTouchScreen=false, platform=XP, acceptSslCerts=false, acceptInsecureCerts=false, webStorageEnabled=true, browserName=chrome, takesScreenshot=true, javascriptEnabled=true, platformName=XP, setWindowRect=true, unexpectedAlertBehaviour=, applicationCacheEnabled=false, rotatable=false, networkConnectionEnabled=false, chrome={chromedriverVersion=2.38.552522 (437e6fbedfa8762dec75e2c5b3ddb86763dc9dcb), userDataDir=C:\Users\Pravin\AppData\Local\Temp\scoped_dir2676_27334}, takesHeapSnapshot=true, pageLoadStrategy=normal, unhandledPromptBehavior=, databaseEnabled=false, handlesAlerts=true, version=79.0.3945.117, browserConnectionEnabled=false, nativeEvents=true, locationContextEnabled=true, cssSelectorsEnabled=true}]
Session ID: 8b15f97c36954fabc42b7cdd6b43b05b
*** Element info: {Using=xpath, value=//td[text()=&apos;Pravin Shetty&apos;]//parent::tr//input[@type=&apos;checkbox&apos;]}" type="org.openqa.selenium.NoSuchElementException">org.openqa.selenium.NoSuchElementException: no such element: Unable to locate element: {&quot;method&quot;:&quot;xpath&quot;,&quot;selector&quot;:&quot;//td[text()=&apos;Pravin Shetty&apos;]//parent::tr//input[@type=&apos;checkbox&apos;]&quot;}
  (Session info: chrome=79.0.3945.117)
  (Driver info: chromedriver=2.38.552522 (437e6fbedfa8762dec75e2c5b3ddb86763dc9dcb),platform=Windows NT 10.0.17134 x86_64) (WARNING: The server did not provide any stacktrace information)
Command duration or timeout: 0 milliseconds
For documentation on this error, please visit: http://seleniumhq.org/exceptions/no_such_element.html
Build info: version: &apos;3.5.3&apos;, revision: &apos;a88d25fe6b&apos;, time: &apos;2017-08-29T12:42:44.417Z&apos;
System info: host: &apos;DESKTOP-8MBD3QD&apos;, ip: &apos;192.168.0.105&apos;, os.name: &apos;Windows 10&apos;, os.arch: &apos;amd64&apos;, os.version: &apos;10.0&apos;, java.version: &apos;1.8.0_181&apos;
Driver info: org.openqa.selenium.chrome.ChromeDriver
Capabilities [{mobileEmulationEnabled=false, hasTouchScreen=false, platform=XP, acceptSslCerts=false, acceptInsecureCerts=false, webStorageEnabled=true, browserName=chrome, takesScreenshot=true, javascriptEnabled=true, platformName=XP, setWindowRect=true, unexpectedAlertBehaviour=, applicationCacheEnabled=false, rotatable=false, networkConnectionEnabled=false, chrome={chromedriverVersion=2.38.552522 (437e6fbedfa8762dec75e2c5b3ddb86763dc9dcb), userDataDir=C:\Users\Pravin\AppData\Local\Temp\scoped_dir2676_27334}, takesHeapSnapshot=true, pageLoadStrategy=normal, unhandledPromptBehavior=, databaseEnabled=false, handlesAlerts=true, version=79.0.3945.117, browserConnectionEnabled=false, nativeEvents=true, locationContextEnabled=true, cssSelectorsEnabled=true}]
Session ID: 8b15f97c36954fabc42b7cdd6b43b05b
*** Element info: {Using=xpath, value=//td[text()=&apos;Pravin Shetty&apos;]//parent::tr//input[@type=&apos;checkbox&apos;]}
	at sun.reflect.NativeConstructorAccessorImpl.newInstance0(Native Method)
	at sun.reflect.NativeConstructorAccessorImpl.newInstance(NativeConstructorAccessorImpl.java:62)
	at sun.reflect.DelegatingConstructorAccessorImpl.newInstance(DelegatingConstructorAccessorImpl.java:45)
	at java.lang.reflect.Constructor.newInstance(Constructor.java:423)
	at org.openqa.selenium.remote.ErrorHandler.createThrowable(ErrorHandler.java:215)
	at org.openqa.selenium.remote.ErrorHandler.throwIfResponseFailed(ErrorHandler.java:167)
	at org.openqa.selenium.remote.http.JsonHttpResponseCodec.reconstructValue(JsonHttpResponseCodec.java:40)
	at org.openqa.selenium.remote.http.AbstractHttpResponseCodec.decode(AbstractHttpResponseCodec.java:82)
	at org.openqa.selenium.remote.http.AbstractHttpResponseCodec.decode(AbstractHttpResponseCodec.java:45)
	at org.openqa.selenium.remote.HttpCommandExecutor.execute(HttpCommandExecutor.java:164)
	at org.openqa.selenium.remote.service.DriverCommandExecutor.execute(DriverCommandExecutor.java:82)
	at org.openqa.selenium.remote.RemoteWebDriver.execute(RemoteWebDriver.java:646)
	at org.openqa.selenium.remote.RemoteWebDriver.findElement(RemoteWebDriver.java:416)
	at org.openqa.selenium.remote.RemoteWebDriver.findElementByXPath(RemoteWebDriver.java:518)
	at org.openqa.selenium.By$ByXPath.findElement(By.java:361)
	at org.openqa.selenium.remote.RemoteWebDriver.findElement(RemoteWebDriver.java:408)
	at sun.reflect.GeneratedMethodAccessor4.invoke(Unknown Source)
	at sun.reflect.DelegatingMethodAccessorImpl.invoke(DelegatingMethodAccessorImpl.java:43)
	at java.lang.reflect.Method.invoke(Method.java:498)
	at org.openqa.selenium.support.events.EventFiringWebDriver$2.invoke(EventFiringWebDriver.java:105)
	at com.sun.proxy.$Proxy6.findElement(Unknown Source)
	at org.openqa.selenium.support.events.EventFiringWebDriver.findElement(EventFiringWebDriver.java:189)
	at com.crm.qa.pages.ContactsPage.selectContactsByName(ContactsPage.java:46)
	at com.crm.qa.testcases.ContactsPageTest.selectContactsLabel(ContactsPageTest.java:49)
</failure>
    <system-out>Before Navigating to: https://ui.freecrm.com/ 
Navigated to https://ui.freecrm.com/
Trying to find Element By: By.name: email
Found Element By: By.name: email
Value of the [[ChromeDriver: chrome on XP (8b15f97c36954fabc42b7cdd6b43b05b)] -&gt; name: email] before any changes made
Element value changed to [[ChromeDriver: chrome on XP (8b15f97c36954fabc42b7cdd6b43b05b)] -&gt; name: email]
Trying to find Element By: By.name: password
Found Element By: By.name: password
Value of the [[ChromeDriver: chrome on XP (8b15f97c36954fabc42b7cdd6b43b05b)] -&gt; name: password] before any changes made
Element value changed to [[ChromeDriver: chrome on XP (8b15f97c36954fabc42b7cdd6b43b05b)] -&gt; name: password]
Trying to find Element By: By.xpath: //*[text()=&apos;Login&apos;]
Found Element By: By.xpath: //*[text()=&apos;Login&apos;]
Trying to click on [[ChromeDriver: chrome on XP (8b15f97c36954fabc42b7cdd6b43b05b)] -&gt; xpath: //*[text()=&apos;Login&apos;]]
Clicked on [[ChromeDriver: chrome on XP (8b15f97c36954fabc42b7cdd6b43b05b)] -&gt; xpath: //*[text()=&apos;Login&apos;]]
Trying to find Element By: By.xpath: //*[contains(text(),&apos;Contacts&apos;)]
Found Element By: By.xpath: //*[contains(text(),&apos;Contacts&apos;)]
Trying to click on [[ChromeDriver: chrome on XP (8b15f97c36954fabc42b7cdd6b43b05b)] -&gt; xpath: //*[contains(text(),&apos;Contacts&apos;)]]
Clicked on [[ChromeDriver: chrome on XP (8b15f97c36954fabc42b7cdd6b43b05b)] -&gt; xpath: //*[contains(text(),&apos;Contacts&apos;)]]
Trying to find Element By: By.xpath: //td[text()=&apos;Pravin Shetty&apos;]//parent::tr//input[@type=&apos;checkbox&apos;]
EXCEPTION OCCURED org.openqa.selenium.NoSuchElementException: no such element: Unable to locate element: {&quot;method&quot;:&quot;xpath&quot;,&quot;selector&quot;:&quot;//td[text()=&apos;Pravin Shetty&apos;]//parent::tr//input[@type=&apos;checkbox&apos;]&quot;}
  (Session info: chrome=79.0.3945.117)
  (Driver info: chromedriver=2.38.552522 (437e6fbedfa8762dec75e2c5b3ddb86763dc9dcb),platform=Windows NT 10.0.17134 x86_64) (WARNING: The server did not provide any stacktrace information)
Command duration or timeout: 0 milliseconds
For documentation on this error, please visit: http://seleniumhq.org/exceptions/no_such_element.html
Build info: version: &apos;3.5.3&apos;, revision: &apos;a88d25fe6b&apos;, time: &apos;2017-08-29T12:42:44.417Z&apos;
System info: host: &apos;DESKTOP-8MBD3QD&apos;, ip: &apos;192.168.0.105&apos;, os.name: &apos;Windows 10&apos;, os.arch: &apos;amd64&apos;, os.version: &apos;10.0&apos;, java.version: &apos;1.8.0_181&apos;
Driver info: org.openqa.selenium.chrome.ChromeDriver
Capabilities [{mobileEmulationEnabled=false, hasTouchScreen=false, platform=XP, acceptSslCerts=false, acceptInsecureCerts=false, webStorageEnabled=true, browserName=chrome, takesScreenshot=true, javascriptEnabled=true, platformName=XP, setWindowRect=true, unexpectedAlertBehaviour=, applicationCacheEnabled=false, rotatable=false, networkConnectionEnabled=false, chrome={chromedriverVersion=2.38.552522 (437e6fbedfa8762dec75e2c5b3ddb86763dc9dcb), userDataDir=C:\Users\Pravin\AppData\Local\Temp\scoped_dir2676_27334}, takesHeapSnapshot=true, pageLoadStrategy=normal, unhandledPromptBehavior=, databaseEnabled=false, handlesAlerts=true, version=79.0.3945.117, browserConnectionEnabled=false, nativeEvents=true, locationContextEnabled=true, cssSelectorsEnabled=true}]
Session ID: 8b15f97c36954fabc42b7cdd6b43b05b
*** Element info: {Using=xpath, value=//td[text()=&apos;Pravin Shetty&apos;]//parent::tr//input[@type=&apos;checkbox&apos;]}
</system-out>
    <system-err>Starting ChromeDriver 2.38.552522 (437e6fbedfa8762dec75e2c5b3ddb86763dc9dcb) on port 43987
Only local connections are allowed.
Jan 16, 2020 8:37:21 AM org.openqa.selenium.remote.ProtocolHandshake createSession
INFO: Detected dialect: OSS
</system-err>
  </testcase>
  <testcase classname="com.crm.qa.testcases.ContactsPageTest" name="verifyContactsPageLabel" time="0.064"/>
  <testcase classname="com.crm.qa.testcases.HomePageTest" name="verifyHomeTitleTest" time="0.008"/>
  <testcase classname="com.crm.qa.testcases.HomePageTest" name="verifyUserNameTest" time="1.542"/>
  <testcase classname="com.crm.qa.testcases.LoginPageTest" name="loginTest" time="0.344"/>
</testsuite>